{"/Users/apple/code/restroMangement/app.js": {"path":"/Users/apple/code/restroMangement/app.js","statementMap":{"0":{"start":{"line":1,"column":16},"end":{"line":1,"column":34}},"1":{"start":{"line":2,"column":11},"end":{"line":2,"column":37}},"2":{"start":{"line":3,"column":18},"end":{"line":3,"column":51}},"3":{"start":{"line":4,"column":13},"end":{"line":4,"column":22}},"4":{"start":{"line":5,"column":0},"end":{"line":5,"column":24}},"5":{"start":{"line":8,"column":0},"end":{"line":13,"column":3}},"6":{"start":{"line":9,"column":4},"end":{"line":9,"column":32}},"7":{"start":{"line":10,"column":4},"end":{"line":10,"column":65}},"8":{"start":{"line":12,"column":4},"end":{"line":12,"column":63}},"9":{"start":{"line":16,"column":0},"end":{"line":16,"column":27}},"10":{"start":{"line":30,"column":11},"end":{"line":30,"column":27}},"11":{"start":{"line":31,"column":0},"end":{"line":33,"column":2}},"12":{"start":{"line":32,"column":4},"end":{"line":32,"column":43}},"13":{"start":{"line":35,"column":0},"end":{"line":35,"column":21}}},"fnMap":{"0":{"name":"(anonymous_0)","decl":{"start":{"line":31,"column":17},"end":{"line":31,"column":18}},"loc":{"start":{"line":31,"column":21},"end":{"line":33,"column":1}},"line":31}},"branchMap":{},"s":{"0":1,"1":1,"2":1,"3":1,"4":1,"5":1,"6":1,"7":1,"8":0,"9":1,"10":1,"11":1,"12":1,"13":1},"f":{"0":1},"b":{},"_coverageSchema":"1a1c01bbd47fc00a2c39e90264f33305004495a9","hash":"47302690342c3a036bce78870aa0712afabc4705"}
,"/Users/apple/code/restroMangement/app/controllers/userController.js": {"path":"/Users/apple/code/restroMangement/app/controllers/userController.js","statementMap":{"0":{"start":{"line":1,"column":11},"end":{"line":1,"column":34}},"1":{"start":{"line":2,"column":15},"end":{"line":2,"column":32}},"2":{"start":{"line":3,"column":12},"end":{"line":3,"column":35}},"3":{"start":{"line":4,"column":15},"end":{"line":4,"column":32}},"4":{"start":{"line":5,"column":16},"end":{"line":5,"column":42}},"5":{"start":{"line":6,"column":13},"end":{"line":6,"column":21}},"6":{"start":{"line":10,"column":0},"end":{"line":57,"column":1}},"7":{"start":{"line":11,"column":38},"end":{"line":11,"column":46}},"8":{"start":{"line":12,"column":23},"end":{"line":12,"column":52}},"9":{"start":{"line":14,"column":4},"end":{"line":18,"column":5}},"10":{"start":{"line":15,"column":8},"end":{"line":17,"column":10}},"11":{"start":{"line":20,"column":4},"end":{"line":24,"column":5}},"12":{"start":{"line":21,"column":8},"end":{"line":23,"column":10}},"13":{"start":{"line":26,"column":4},"end":{"line":55,"column":5}},"14":{"start":{"line":28,"column":25},"end":{"line":32,"column":10}},"15":{"start":{"line":34,"column":8},"end":{"line":38,"column":9}},"16":{"start":{"line":35,"column":12},"end":{"line":37,"column":14}},"17":{"start":{"line":40,"column":19},"end":{"line":44,"column":9}},"18":{"start":{"line":46,"column":8},"end":{"line":46,"column":32}},"19":{"start":{"line":47,"column":8},"end":{"line":49,"column":10}},"20":{"start":{"line":52,"column":8},"end":{"line":54,"column":10}},"21":{"start":{"line":61,"column":0},"end":{"line":111,"column":1}},"22":{"start":{"line":62,"column":32},"end":{"line":62,"column":40}},"23":{"start":{"line":64,"column":4},"end":{"line":68,"column":5}},"24":{"start":{"line":65,"column":8},"end":{"line":67,"column":10}},"25":{"start":{"line":70,"column":4},"end":{"line":109,"column":5}},"26":{"start":{"line":72,"column":25},"end":{"line":76,"column":10}},"27":{"start":{"line":79,"column":8},"end":{"line":85,"column":9}},"28":{"start":{"line":80,"column":12},"end":{"line":80,"column":52}},"29":{"start":{"line":82,"column":12},"end":{"line":84,"column":14}},"30":{"start":{"line":87,"column":29},"end":{"line":87,"column":76}},"31":{"start":{"line":89,"column":8},"end":{"line":103,"column":9}},"32":{"start":{"line":91,"column":26},"end":{"line":91,"column":73}},"33":{"start":{"line":92,"column":12},"end":{"line":92,"column":72}},"34":{"start":{"line":94,"column":12},"end":{"line":97,"column":15}},"35":{"start":{"line":100,"column":12},"end":{"line":102,"column":15}},"36":{"start":{"line":106,"column":8},"end":{"line":108,"column":11}},"37":{"start":{"line":115,"column":0},"end":{"line":128,"column":1}},"38":{"start":{"line":116,"column":4},"end":{"line":127,"column":5}},"39":{"start":{"line":117,"column":8},"end":{"line":117,"column":33}},"40":{"start":{"line":119,"column":8},"end":{"line":121,"column":10}},"41":{"start":{"line":124,"column":8},"end":{"line":126,"column":11}}},"fnMap":{"0":{"name":"(anonymous_0)","decl":{"start":{"line":10,"column":21},"end":{"line":10,"column":22}},"loc":{"start":{"line":10,"column":41},"end":{"line":57,"column":1}},"line":10},"1":{"name":"(anonymous_1)","decl":{"start":{"line":61,"column":16},"end":{"line":61,"column":17}},"loc":{"start":{"line":61,"column":36},"end":{"line":111,"column":1}},"line":61},"2":{"name":"(anonymous_2)","decl":{"start":{"line":115,"column":17},"end":{"line":115,"column":18}},"loc":{"start":{"line":115,"column":31},"end":{"line":128,"column":1}},"line":115}},"branchMap":{"0":{"loc":{"start":{"line":14,"column":4},"end":{"line":18,"column":5}},"type":"if","locations":[{"start":{"line":14,"column":4},"end":{"line":18,"column":5}},{"start":{},"end":{}}],"line":14},"1":{"loc":{"start":{"line":14,"column":8},"end":{"line":14,"column":83}},"type":"binary-expr","locations":[{"start":{"line":14,"column":8},"end":{"line":14,"column":18}},{"start":{"line":14,"column":22},"end":{"line":14,"column":33}},{"start":{"line":14,"column":37},"end":{"line":14,"column":51}},{"start":{"line":14,"column":55},"end":{"line":14,"column":60}},{"start":{"line":14,"column":64},"end":{"line":14,"column":70}},{"start":{"line":14,"column":74},"end":{"line":14,"column":83}}],"line":14},"2":{"loc":{"start":{"line":20,"column":4},"end":{"line":24,"column":5}},"type":"if","locations":[{"start":{"line":20,"column":4},"end":{"line":24,"column":5}},{"start":{},"end":{}}],"line":20},"3":{"loc":{"start":{"line":34,"column":8},"end":{"line":38,"column":9}},"type":"if","locations":[{"start":{"line":34,"column":8},"end":{"line":38,"column":9}},{"start":{},"end":{}}],"line":34},"4":{"loc":{"start":{"line":64,"column":4},"end":{"line":68,"column":5}},"type":"if","locations":[{"start":{"line":64,"column":4},"end":{"line":68,"column":5}},{"start":{},"end":{}}],"line":64},"5":{"loc":{"start":{"line":64,"column":8},"end":{"line":64,"column":60}},"type":"binary-expr","locations":[{"start":{"line":64,"column":8},"end":{"line":64,"column":19}},{"start":{"line":64,"column":23},"end":{"line":64,"column":37}},{"start":{"line":64,"column":41},"end":{"line":64,"column":47}},{"start":{"line":64,"column":51},"end":{"line":64,"column":60}}],"line":64},"6":{"loc":{"start":{"line":79,"column":8},"end":{"line":85,"column":9}},"type":"if","locations":[{"start":{"line":79,"column":8},"end":{"line":85,"column":9}},{"start":{"line":81,"column":15},"end":{"line":85,"column":9}}],"line":79},"7":{"loc":{"start":{"line":89,"column":8},"end":{"line":103,"column":9}},"type":"if","locations":[{"start":{"line":89,"column":8},"end":{"line":103,"column":9}},{"start":{"line":99,"column":15},"end":{"line":103,"column":9}}],"line":89}},"s":{"0":1,"1":1,"2":1,"3":1,"4":1,"5":1,"6":1,"7":3,"8":3,"9":3,"10":1,"11":2,"12":1,"13":1,"14":1,"15":1,"16":1,"17":0,"18":0,"19":0,"20":0,"21":1,"22":0,"23":0,"24":0,"25":0,"26":0,"27":0,"28":0,"29":0,"30":0,"31":0,"32":0,"33":0,"34":0,"35":0,"36":0,"37":1,"38":0,"39":0,"40":0,"41":0},"f":{"0":3,"1":0,"2":0},"b":{"0":[1,2],"1":[3,2,2,2,2,2],"2":[1,1],"3":[1,0],"4":[0,0],"5":[0,0,0,0],"6":[0,0],"7":[0,0]},"_coverageSchema":"1a1c01bbd47fc00a2c39e90264f33305004495a9","hash":"eb5545f975daccaf23fc360166e9cf35cfad7cd0"}
,"/Users/apple/code/restroMangement/app/middleware/isSignedIn.js": {"path":"/Users/apple/code/restroMangement/app/middleware/isSignedIn.js","statementMap":{"0":{"start":{"line":1,"column":13},"end":{"line":1,"column":30}},"1":{"start":{"line":2,"column":0},"end":{"line":2,"column":16}},"2":{"start":{"line":3,"column":26},"end":{"line":3,"column":48}},"3":{"start":{"line":4,"column":0},"end":{"line":8,"column":3}}},"fnMap":{},"branchMap":{},"s":{"0":1,"1":1,"2":1,"3":1},"f":{},"b":{},"_coverageSchema":"1a1c01bbd47fc00a2c39e90264f33305004495a9","hash":"7d6eb66ed3d1b401664ee4a997addc2de49a5582"}
,"/Users/apple/code/restroMangement/app/models/Account.js": {"path":"/Users/apple/code/restroMangement/app/models/Account.js","statementMap":{"0":{"start":{"line":1,"column":0},"end":{"line":27,"column":4}},"1":{"start":{"line":2,"column":20},"end":{"line":24,"column":6}},"2":{"start":{"line":26,"column":4},"end":{"line":26,"column":19}}},"fnMap":{"0":{"name":"(anonymous_0)","decl":{"start":{"line":1,"column":17},"end":{"line":1,"column":18}},"loc":{"start":{"line":1,"column":43},"end":{"line":27,"column":3}},"line":1}},"branchMap":{},"s":{"0":1,"1":1,"2":1},"f":{"0":1},"b":{},"_coverageSchema":"1a1c01bbd47fc00a2c39e90264f33305004495a9","hash":"5eecdc4e3d7dd35b098ebcab41537789e01fe1cb"}
,"/Users/apple/code/restroMangement/app/models/Transaction.js": {"path":"/Users/apple/code/restroMangement/app/models/Transaction.js","statementMap":{"0":{"start":{"line":1,"column":0},"end":{"line":31,"column":4}},"1":{"start":{"line":2,"column":24},"end":{"line":28,"column":6}},"2":{"start":{"line":30,"column":4},"end":{"line":30,"column":23}}},"fnMap":{"0":{"name":"(anonymous_0)","decl":{"start":{"line":1,"column":17},"end":{"line":1,"column":18}},"loc":{"start":{"line":1,"column":43},"end":{"line":31,"column":3}},"line":1}},"branchMap":{},"s":{"0":1,"1":1,"2":1},"f":{"0":1},"b":{},"_coverageSchema":"1a1c01bbd47fc00a2c39e90264f33305004495a9","hash":"4a188e4b0428d4eb3f2c9386b930b0a787c7d7cd"}
,"/Users/apple/code/restroMangement/app/models/User.js": {"path":"/Users/apple/code/restroMangement/app/models/User.js","statementMap":{"0":{"start":{"line":1,"column":0},"end":{"line":40,"column":4}},"1":{"start":{"line":2,"column":17},"end":{"line":37,"column":6}},"2":{"start":{"line":39,"column":4},"end":{"line":39,"column":16}}},"fnMap":{"0":{"name":"(anonymous_0)","decl":{"start":{"line":1,"column":17},"end":{"line":1,"column":18}},"loc":{"start":{"line":1,"column":43},"end":{"line":40,"column":3}},"line":1}},"branchMap":{},"s":{"0":1,"1":1,"2":1},"f":{"0":1},"b":{},"_coverageSchema":"1a1c01bbd47fc00a2c39e90264f33305004495a9","hash":"96f89a03eae2ed67f2e28fdcb5f2ccb53ea79186"}
,"/Users/apple/code/restroMangement/app/models/db.js": {"path":"/Users/apple/code/restroMangement/app/models/db.js","statementMap":{"0":{"start":{"line":2,"column":18},"end":{"line":2,"column":38}},"1":{"start":{"line":3,"column":15},"end":{"line":3,"column":32}},"2":{"start":{"line":4,"column":0},"end":{"line":4,"column":16}},"3":{"start":{"line":6,"column":18},"end":{"line":10,"column":4}},"4":{"start":{"line":12,"column":11},"end":{"line":12,"column":13}},"5":{"start":{"line":13,"column":0},"end":{"line":13,"column":25}},"6":{"start":{"line":14,"column":0},"end":{"line":14,"column":25}},"7":{"start":{"line":17,"column":0},"end":{"line":17,"column":51}},"8":{"start":{"line":18,"column":0},"end":{"line":18,"column":57}},"9":{"start":{"line":19,"column":0},"end":{"line":19,"column":65}},"10":{"start":{"line":22,"column":0},"end":{"line":22,"column":20}}},"fnMap":{},"branchMap":{},"s":{"0":1,"1":1,"2":1,"3":1,"4":1,"5":1,"6":1,"7":1,"8":1,"9":1,"10":1},"f":{},"b":{},"_coverageSchema":"1a1c01bbd47fc00a2c39e90264f33305004495a9","hash":"5aec19493e2e51ae1026c893e653645943422d8f"}
,"/Users/apple/code/restroMangement/app/routes/userRoute.js": {"path":"/Users/apple/code/restroMangement/app/routes/userRoute.js","statementMap":{"0":{"start":{"line":1,"column":16},"end":{"line":1,"column":34}},"1":{"start":{"line":2,"column":15},"end":{"line":2,"column":31}},"2":{"start":{"line":3,"column":36},"end":{"line":3,"column":76}},"3":{"start":{"line":4,"column":21},"end":{"line":4,"column":56}},"4":{"start":{"line":6,"column":0},"end":{"line":6,"column":34}},"5":{"start":{"line":7,"column":0},"end":{"line":7,"column":29}},"6":{"start":{"line":8,"column":0},"end":{"line":8,"column":43}},"7":{"start":{"line":10,"column":0},"end":{"line":10,"column":24}}},"fnMap":{},"branchMap":{},"s":{"0":1,"1":1,"2":1,"3":1,"4":1,"5":1,"6":1,"7":1},"f":{},"b":{},"_coverageSchema":"1a1c01bbd47fc00a2c39e90264f33305004495a9","hash":"ad8e721b580a212efd7c1840eb8c71981b9a7e7b"}
}
