{"/Users/apple/code/restroMangement/app/helper/hashPassword.js": {"path":"/Users/apple/code/restroMangement/app/helper/hashPassword.js","statementMap":{"0":{"start":{"line":1,"column":15},"end":{"line":1,"column":32}},"1":{"start":{"line":4,"column":19},"end":{"line":6,"column":1}},"2":{"start":{"line":5,"column":2},"end":{"line":5,"column":41}},"3":{"start":{"line":7,"column":20},"end":{"line":9,"column":1}},"4":{"start":{"line":8,"column":2},"end":{"line":8,"column":54}},"5":{"start":{"line":10,"column":0},"end":{"line":12,"column":1}}},"fnMap":{"0":{"name":"(anonymous_0)","decl":{"start":{"line":4,"column":19},"end":{"line":4,"column":20}},"loc":{"start":{"line":4,"column":39},"end":{"line":6,"column":1}},"line":4},"1":{"name":"(anonymous_1)","decl":{"start":{"line":7,"column":20},"end":{"line":7,"column":21}},"loc":{"start":{"line":7,"column":54},"end":{"line":9,"column":1}},"line":7}},"branchMap":{},"s":{"0":1,"1":1,"2":1,"3":1,"4":0,"5":1},"f":{"0":1,"1":0},"b":{},"_coverageSchema":"1a1c01bbd47fc00a2c39e90264f33305004495a9","hash":"56692885fa1098864206bf99abe7ae9a302fbc2b"}
,"/Users/apple/code/restroMangement/app/models/Account.js": {"path":"/Users/apple/code/restroMangement/app/models/Account.js","statementMap":{"0":{"start":{"line":1,"column":0},"end":{"line":31,"column":4}},"1":{"start":{"line":2,"column":20},"end":{"line":28,"column":6}},"2":{"start":{"line":30,"column":4},"end":{"line":30,"column":19}}},"fnMap":{"0":{"name":"(anonymous_0)","decl":{"start":{"line":1,"column":17},"end":{"line":1,"column":18}},"loc":{"start":{"line":1,"column":43},"end":{"line":31,"column":3}},"line":1}},"branchMap":{},"s":{"0":1,"1":1,"2":1},"f":{"0":1},"b":{},"_coverageSchema":"1a1c01bbd47fc00a2c39e90264f33305004495a9","hash":"a2b565a62b7f0a68a1b3f8a0b249b91f740fe5f2"}
,"/Users/apple/code/restroMangement/app/models/Transaction.js": {"path":"/Users/apple/code/restroMangement/app/models/Transaction.js","statementMap":{"0":{"start":{"line":1,"column":0},"end":{"line":36,"column":4}},"1":{"start":{"line":2,"column":24},"end":{"line":33,"column":6}},"2":{"start":{"line":35,"column":4},"end":{"line":35,"column":23}}},"fnMap":{"0":{"name":"(anonymous_0)","decl":{"start":{"line":1,"column":17},"end":{"line":1,"column":18}},"loc":{"start":{"line":1,"column":43},"end":{"line":36,"column":3}},"line":1}},"branchMap":{},"s":{"0":1,"1":1,"2":1},"f":{"0":1},"b":{},"_coverageSchema":"1a1c01bbd47fc00a2c39e90264f33305004495a9","hash":"fb69320b455bc6e3dff6946ed8873eb360d17bd8"}
,"/Users/apple/code/restroMangement/app/models/User.js": {"path":"/Users/apple/code/restroMangement/app/models/User.js","statementMap":{"0":{"start":{"line":1,"column":0},"end":{"line":40,"column":4}},"1":{"start":{"line":2,"column":17},"end":{"line":37,"column":6}},"2":{"start":{"line":39,"column":4},"end":{"line":39,"column":16}}},"fnMap":{"0":{"name":"(anonymous_0)","decl":{"start":{"line":1,"column":17},"end":{"line":1,"column":18}},"loc":{"start":{"line":1,"column":43},"end":{"line":40,"column":3}},"line":1}},"branchMap":{},"s":{"0":1,"1":1,"2":1},"f":{"0":1},"b":{},"_coverageSchema":"1a1c01bbd47fc00a2c39e90264f33305004495a9","hash":"96f89a03eae2ed67f2e28fdcb5f2ccb53ea79186"}
,"/Users/apple/code/restroMangement/app/models/db.js": {"path":"/Users/apple/code/restroMangement/app/models/db.js","statementMap":{"0":{"start":{"line":2,"column":18},"end":{"line":2,"column":38}},"1":{"start":{"line":3,"column":15},"end":{"line":3,"column":32}},"2":{"start":{"line":5,"column":0},"end":{"line":5,"column":16}},"3":{"start":{"line":7,"column":18},"end":{"line":15,"column":1}},"4":{"start":{"line":17,"column":11},"end":{"line":17,"column":13}},"5":{"start":{"line":18,"column":0},"end":{"line":18,"column":25}},"6":{"start":{"line":19,"column":0},"end":{"line":19,"column":25}},"7":{"start":{"line":22,"column":0},"end":{"line":22,"column":51}},"8":{"start":{"line":23,"column":0},"end":{"line":23,"column":57}},"9":{"start":{"line":24,"column":0},"end":{"line":24,"column":65}},"10":{"start":{"line":27,"column":0},"end":{"line":27,"column":30}},"11":{"start":{"line":28,"column":0},"end":{"line":28,"column":32}},"12":{"start":{"line":30,"column":0},"end":{"line":30,"column":20}}},"fnMap":{},"branchMap":{},"s":{"0":1,"1":1,"2":1,"3":1,"4":1,"5":1,"6":1,"7":1,"8":1,"9":1,"10":1,"11":1,"12":1},"f":{},"b":{},"_coverageSchema":"1a1c01bbd47fc00a2c39e90264f33305004495a9","hash":"9ef906a6e591b03f2318511cb15a45791ea35de7"}
,"/Users/apple/code/restroMangement/app/services/user.js": {"path":"/Users/apple/code/restroMangement/app/services/user.js","statementMap":{"0":{"start":{"line":1,"column":11},"end":{"line":1,"column":34}},"1":{"start":{"line":2,"column":15},"end":{"line":2,"column":32}},"2":{"start":{"line":3,"column":12},"end":{"line":3,"column":35}},"3":{"start":{"line":4,"column":21},"end":{"line":4,"column":54}},"4":{"start":{"line":5,"column":13},"end":{"line":5,"column":21}},"5":{"start":{"line":6,"column":16},"end":{"line":6,"column":27}},"6":{"start":{"line":9,"column":0},"end":{"line":20,"column":2}},"7":{"start":{"line":10,"column":2},"end":{"line":19,"column":3}},"8":{"start":{"line":11,"column":21},"end":{"line":15,"column":6}},"9":{"start":{"line":16,"column":4},"end":{"line":16,"column":22}},"10":{"start":{"line":18,"column":4},"end":{"line":18,"column":17}},"11":{"start":{"line":23,"column":0},"end":{"line":31,"column":2}},"12":{"start":{"line":24,"column":2},"end":{"line":30,"column":3}},"13":{"start":{"line":25,"column":4},"end":{"line":25,"column":65}},"14":{"start":{"line":26,"column":19},"end":{"line":26,"column":42}},"15":{"start":{"line":27,"column":4},"end":{"line":27,"column":20}},"16":{"start":{"line":29,"column":4},"end":{"line":29,"column":17}},"17":{"start":{"line":34,"column":0},"end":{"line":69,"column":2}},"18":{"start":{"line":35,"column":2},"end":{"line":68,"column":3}},"19":{"start":{"line":37,"column":21},"end":{"line":41,"column":6}},"20":{"start":{"line":44,"column":4},"end":{"line":52,"column":5}},"21":{"start":{"line":45,"column":6},"end":{"line":49,"column":9}},"22":{"start":{"line":51,"column":6},"end":{"line":51,"column":58}},"23":{"start":{"line":54,"column":25},"end":{"line":57,"column":5}},"24":{"start":{"line":58,"column":4},"end":{"line":65,"column":5}},"25":{"start":{"line":59,"column":19},"end":{"line":59,"column":58}},"26":{"start":{"line":60,"column":20},"end":{"line":60,"column":54}},"27":{"start":{"line":61,"column":6},"end":{"line":61,"column":49}},"28":{"start":{"line":62,"column":6},"end":{"line":62,"column":80}},"29":{"start":{"line":64,"column":6},"end":{"line":64,"column":63}},"30":{"start":{"line":67,"column":4},"end":{"line":67,"column":43}},"31":{"start":{"line":72,"column":0},"end":{"line":88,"column":2}},"32":{"start":{"line":73,"column":2},"end":{"line":87,"column":3}},"33":{"start":{"line":74,"column":19},"end":{"line":82,"column":6}},"34":{"start":{"line":83,"column":4},"end":{"line":83,"column":20}},"35":{"start":{"line":85,"column":4},"end":{"line":85,"column":23}},"36":{"start":{"line":86,"column":4},"end":{"line":86,"column":17}},"37":{"start":{"line":91,"column":0},"end":{"line":110,"column":2}},"38":{"start":{"line":92,"column":2},"end":{"line":109,"column":3}},"39":{"start":{"line":93,"column":19},"end":{"line":104,"column":6}},"40":{"start":{"line":105,"column":4},"end":{"line":105,"column":20}},"41":{"start":{"line":107,"column":4},"end":{"line":107,"column":23}},"42":{"start":{"line":108,"column":4},"end":{"line":108,"column":17}}},"fnMap":{"0":{"name":"(anonymous_0)","decl":{"start":{"line":9,"column":20},"end":{"line":9,"column":21}},"loc":{"start":{"line":9,"column":36},"end":{"line":20,"column":1}},"line":9},"1":{"name":"(anonymous_1)","decl":{"start":{"line":23,"column":19},"end":{"line":23,"column":20}},"loc":{"start":{"line":23,"column":35},"end":{"line":31,"column":1}},"line":23},"2":{"name":"(anonymous_2)","decl":{"start":{"line":34,"column":20},"end":{"line":34,"column":21}},"loc":{"start":{"line":34,"column":46},"end":{"line":69,"column":1}},"line":34},"3":{"name":"(anonymous_3)","decl":{"start":{"line":72,"column":19},"end":{"line":72,"column":20}},"loc":{"start":{"line":72,"column":31},"end":{"line":88,"column":1}},"line":72},"4":{"name":"(anonymous_4)","decl":{"start":{"line":91,"column":21},"end":{"line":91,"column":22}},"loc":{"start":{"line":91,"column":37},"end":{"line":110,"column":1}},"line":91}},"branchMap":{"0":{"loc":{"start":{"line":44,"column":4},"end":{"line":52,"column":5}},"type":"if","locations":[{"start":{"line":44,"column":4},"end":{"line":52,"column":5}},{"start":{"line":50,"column":11},"end":{"line":52,"column":5}}],"line":44},"1":{"loc":{"start":{"line":58,"column":4},"end":{"line":65,"column":5}},"type":"if","locations":[{"start":{"line":58,"column":4},"end":{"line":65,"column":5}},{"start":{"line":63,"column":11},"end":{"line":65,"column":5}}],"line":58}},"s":{"0":1,"1":1,"2":1,"3":1,"4":1,"5":1,"6":1,"7":0,"8":0,"9":0,"10":0,"11":1,"12":1,"13":1,"14":1,"15":1,"16":0,"17":1,"18":0,"19":0,"20":0,"21":0,"22":0,"23":0,"24":0,"25":0,"26":0,"27":0,"28":0,"29":0,"30":0,"31":1,"32":0,"33":0,"34":0,"35":0,"36":0,"37":1,"38":0,"39":0,"40":0,"41":0,"42":0},"f":{"0":0,"1":1,"2":0,"3":0,"4":0},"b":{"0":[0,0],"1":[0,0]},"_coverageSchema":"1a1c01bbd47fc00a2c39e90264f33305004495a9","hash":"1b48af7a759df8e1f82519b62900a999f408b870"}
}
