TN:
SF:db.js
FNF:0
FNH:0
DA:1,3
DA:2,3
DA:3,3
DA:5,3
DA:14,3
LF:5
LH:5
BRF:0
BRH:0
end_of_record
TN:
SF:index.js
FNF:0
FNH:0
DA:1,3
DA:2,3
DA:3,3
DA:4,3
DA:5,3
DA:6,3
DA:7,3
DA:8,3
DA:9,3
DA:11,3
DA:12,3
DA:13,3
DA:15,3
DA:16,3
DA:18,3
LF:15
LH:15
BRF:0
BRH:0
end_of_record
TN:
SF:api/Account.js
FN:5,(anonymous_0)
FN:18,(anonymous_1)
FN:38,(anonymous_2)
FN:50,(anonymous_3)
FN:60,(anonymous_4)
FN:63,(anonymous_5)
FN:82,(anonymous_6)
FN:95,(anonymous_7)
FN:105,(anonymous_8)
FN:108,(anonymous_9)
FNF:10
FNH:10
FNDA:2,(anonymous_0)
FNDA:1,(anonymous_1)
FNDA:2,(anonymous_2)
FNDA:1,(anonymous_3)
FNDA:1,(anonymous_4)
FNDA:1,(anonymous_5)
FNDA:4,(anonymous_6)
FNDA:3,(anonymous_7)
FNDA:1,(anonymous_8)
FNDA:1,(anonymous_9)
DA:1,3
DA:2,3
DA:5,3
DA:6,2
DA:7,2
DA:8,2
DA:10,2
DA:11,1
DA:16,1
DA:17,1
DA:25,1
DA:31,0
DA:32,0
DA:38,3
DA:39,2
DA:40,2
DA:42,2
DA:43,1
DA:48,1
DA:49,1
DA:52,1
DA:53,0
DA:58,1
DA:59,1
DA:62,1
DA:65,1
DA:75,0
DA:76,0
DA:82,3
DA:83,4
DA:84,4
DA:85,4
DA:86,4
DA:87,4
DA:88,1
DA:93,3
DA:94,3
DA:96,3
DA:97,2
DA:98,0
DA:102,2
DA:103,1
DA:104,1
DA:106,1
DA:107,1
DA:110,1
DA:120,1
DA:130,0
DA:131,0
LF:49
LH:41
BRDA:10,0,0,1
BRDA:10,0,1,1
BRDA:10,1,0,2
BRDA:10,1,1,2
BRDA:10,1,2,1
BRDA:42,2,0,1
BRDA:42,2,1,1
BRDA:42,3,0,2
BRDA:42,3,1,2
BRDA:52,4,0,0
BRDA:52,4,1,1
BRDA:87,5,0,1
BRDA:87,5,1,3
BRDA:96,6,0,2
BRDA:96,6,1,0
BRDA:97,7,0,0
BRDA:97,7,1,2
BRDA:102,8,0,1
BRDA:102,8,1,1
BRDA:106,9,0,1
BRDA:106,9,1,0
BRF:21
BRH:17
end_of_record
TN:
SF:api/Transaction.js
FN:5,(anonymous_0)
FN:11,(anonymous_1)
FNF:2
FNH:2
FNDA:1,(anonymous_0)
FNDA:1,(anonymous_1)
DA:1,3
DA:2,3
DA:5,3
DA:6,1
DA:7,1
DA:8,1
DA:12,1
DA:20,0
LF:8
LH:7
BRF:0
BRH:0
end_of_record
TN:
SF:api/User.js
FN:7,(anonymous_0)
FN:20,(anonymous_1)
FN:41,(anonymous_2)
FN:47,(anonymous_3)
FN:62,(anonymous_4)
FN:68,(anonymous_5)
FN:83,(anonymous_6)
FN:88,(anonymous_7)
FN:105,(anonymous_8)
FN:116,(anonymous_9)
FN:150,(anonymous_10)
FNF:11
FNH:11
FNDA:3,(anonymous_0)
FNDA:1,(anonymous_1)
FNDA:1,(anonymous_2)
FNDA:1,(anonymous_3)
FNDA:1,(anonymous_4)
FNDA:1,(anonymous_5)
FNDA:1,(anonymous_6)
FNDA:1,(anonymous_7)
FNDA:5,(anonymous_8)
FNDA:4,(anonymous_9)
FNDA:1,(anonymous_10)
DA:1,3
DA:2,3
DA:3,3
DA:4,3
DA:7,3
DA:8,3
DA:9,3
DA:10,3
DA:12,3
DA:13,1
DA:18,2
DA:19,1
DA:20,1
DA:21,1
DA:22,1
DA:27,0
DA:34,0
DA:35,0
DA:41,3
DA:43,1
DA:44,1
DA:49,1
DA:56,0
DA:57,0
DA:62,3
DA:63,1
DA:64,1
DA:65,1
DA:69,1
DA:77,0
DA:78,0
DA:83,3
DA:84,1
DA:85,1
DA:87,1
DA:88,1
DA:90,1
DA:98,0
DA:99,0
DA:105,3
DA:106,5
DA:107,5
DA:109,5
DA:110,1
DA:115,4
DA:116,4
DA:117,4
DA:118,4
DA:119,2
DA:124,2
DA:125,2
DA:126,1
DA:127,1
DA:128,1
DA:134,1
DA:143,0
DA:144,0
DA:150,3
DA:151,1
DA:152,1
DA:153,1
DA:158,0
DA:159,0
LF:63
LH:50
BRDA:12,0,0,1
BRDA:12,0,1,2
BRDA:12,1,0,3
BRDA:12,1,1,2
BRDA:12,1,2,2
BRDA:21,2,0,1
BRDA:21,2,1,0
BRDA:109,3,0,1
BRDA:109,3,1,4
BRDA:109,4,0,5
BRDA:109,4,1,5
BRDA:117,5,0,4
BRDA:117,5,1,0
BRDA:118,6,0,2
BRDA:118,6,1,2
BRDA:125,7,0,1
BRDA:125,7,1,1
BRF:17
BRH:15
end_of_record
TN:
SF:middleware/Isadmin.js
FN:2,(anonymous_0)
FN:6,(anonymous_1)
FNF:2
FNH:2
FNDA:11,(anonymous_0)
FNDA:11,(anonymous_1)
DA:1,3
DA:2,3
DA:4,11
DA:6,11
DA:8,11
DA:12,11
DA:13,4
DA:15,7
LF:8
LH:8
BRDA:8,0,0,0
BRDA:8,0,1,11
BRDA:12,1,0,4
BRDA:12,1,1,7
BRF:4
BRH:3
end_of_record
TN:
SF:middleware/IssignedIn.js
FNF:0
FNH:0
DA:1,3
DA:2,3
DA:3,3
DA:4,3
LF:4
LH:4
BRF:0
BRH:0
end_of_record
TN:
SF:routes/Accounts.js
FNF:0
FNH:0
DA:1,3
DA:2,3
DA:3,3
DA:4,3
DA:5,3
DA:7,3
DA:8,3
DA:9,3
DA:11,3
LF:9
LH:9
BRF:0
BRH:0
end_of_record
TN:
SF:routes/Transaction.js
FNF:0
FNH:0
DA:1,3
DA:2,3
DA:3,3
DA:4,3
DA:6,3
DA:8,3
LF:6
LH:6
BRF:0
BRH:0
end_of_record
TN:
SF:routes/User.js
FNF:0
FNH:0
DA:1,3
DA:2,3
DA:3,3
DA:4,3
DA:5,3
DA:7,3
DA:8,3
DA:9,3
DA:10,3
DA:11,3
DA:12,3
DA:15,3
LF:12
LH:12
BRF:0
BRH:0
end_of_record
